-------------------------------------------------------------------------------
Test set: com.example.customer1.Customer1ApplicationTests
-------------------------------------------------------------------------------
Tests run: 1, Failures: 0, Errors: 1, Skipped: 0, Time elapsed: 0.254 s <<< FAILURE! - in com.example.customer1.Customer1ApplicationTests
com.example.customer1.Customer1ApplicationTests  Time elapsed: 0.252 s  <<< ERROR!
java.lang.IllegalStateException: Unable to find a @SpringBootConfiguration, you need to use @ContextConfiguration or @SpringBootTest(classes=...) with your test

